<?xml version="1.0" encoding="UTF-8"?>
<!-- Generated by org.testng.reporters.JUnitXMLReporter -->
<testsuite ignored="21" hostname="DESKTOP-ESRP3MO" failures="0" tests="1" name="Automation" time="63.55" errors="0" timestamp="2024-04-26T15:33:38 PKT">
  <testcase classname="TamashaAppTests.mainApp" name="PIP" time="34.525"/>
  <testcase classname="TamashaAppTests.mainApp" name="profileUpdate" time="0.0">
    <ignored/>
  </testcase> <!-- profileUpdate -->
  <testcase classname="TamashaAppTests.mainApp" name="FanPulsePlayFromHome" time="0.0">
    <ignored/>
  </testcase> <!-- FanPulsePlayFromHome -->
  <testcase classname="TamashaAppTests.mainApp" name="HometoStreaming" time="0.0">
    <ignored/>
  </testcase> <!-- HometoStreaming -->
  <testcase classname="TamashaAppTests.mainApp" name="PakvsNZ" time="0.0">
    <ignored/>
  </testcase> <!-- PakvsNZ -->
  <testcase classname="TamashaAppTests.mainApp" name="search" time="0.0">
    <ignored/>
  </testcase> <!-- search -->
  <testcase classname="TamashaAppTests.mainApp" name="scrollandShot" time="0.0">
    <ignored/>
  </testcase> <!-- scrollandShot -->
  <testcase classname="TamashaAppTests.mainApp" name="getCoinsCount" time="0.0">
    <ignored/>
  </testcase> <!-- getCoinsCount -->
  <testcase classname="TamashaAppTests.mainApp" name="liveStreaming" time="0.0">
    <ignored/>
  </testcase> <!-- liveStreaming -->
  <testcase classname="TamashaAppTests.mainApp" name="DynamicTile" time="0.0">
    <ignored/>
  </testcase> <!-- DynamicTile -->
  <testcase classname="TamashaAppTests.mainApp" name="redeemCoins" time="0.0">
    <ignored/>
  </testcase> <!-- redeemCoins -->
  <testcase classname="TamashaAppTests.mainApp" name="screenScrolltoEnd" time="0.0">
    <ignored/>
  </testcase> <!-- screenScrolltoEnd -->
  <testcase classname="TamashaAppTests.mainApp" name="loginScenario" time="0.0">
    <ignored/>
  </testcase> <!-- loginScenario -->
  <testcase classname="TamashaAppTests.mainApp" name="slider" time="0.0">
    <ignored/>
  </testcase> <!-- slider -->
  <testcase classname="TamashaAppTests.mainApp" name="commentsPostingloop" time="0.0">
    <ignored/>
  </testcase> <!-- commentsPostingloop -->
  <testcase classname="TamashaAppTests.mainApp" name="screenVer" time="0.0">
    <ignored/>
  </testcase> <!-- screenVer -->
  <testcase classname="TamashaAppTests.mainApp" name="fanpulseplay" time="0.0">
    <ignored/>
  </testcase> <!-- fanpulseplay -->
  <testcase classname="TamashaAppTests.mainApp" name="deleteuserLoginagain" time="0.0">
    <ignored/>
  </testcase> <!-- deleteuserLoginagain -->
  <testcase classname="TamashaAppTests.mainApp" name="reels" time="0.0">
    <ignored/>
  </testcase> <!-- reels -->
  <testcase classname="TamashaAppTests.mainApp" name="splashToHomeScreen" time="0.0">
    <ignored/>
  </testcase> <!-- splashToHomeScreen -->
  <testcase classname="TamashaAppTests.mainApp" name="howitWorks" time="0.0">
    <ignored/>
  </testcase> <!-- howitWorks -->
  <testcase classname="TamashaAppTests.mainApp" name="Vod" time="0.0">
    <ignored/>
  </testcase> <!-- Vod -->
</testsuite> <!-- Automation -->
